This is pdfTeX, Version 3.14159265-2.6-1.40.19 (MiKTeX 2.9.6840 64-bit) (preloaded format=pdflatex 2018.12.10)  11 DEC 2018 14:10
entering extended mode
**./paper.tex
(paper.tex
LaTeX2e <2018-04-01> patch level 5

("C:\Users\Frostis-PC\AppData\Local\Programs\MiKTeX 2.9\tex\latex\base\article.
cls"
Document Class: article 2014/09/29 v1.4h Standard LaTeX document class

("C:\Users\Frostis-PC\AppData\Local\Programs\MiKTeX 2.9\tex\latex\base\size10.c
lo"
File: size10.clo 2014/09/29 v1.4h Standard LaTeX file (size option)
)
\c@part=\count80
\c@section=\count81
\c@subsection=\count82
\c@subsubsection=\count83
\c@paragraph=\count84
\c@subparagraph=\count85
\c@figure=\count86
\c@table=\count87
\abovecaptionskip=\skip41
\belowcaptionskip=\skip42
\bibindent=\dimen102
)
("C:\Users\Frostis-PC\AppData\Local\Programs\MiKTeX 2.9\tex\generic\babel\babel
.sty"
Package: babel 2018/09/26 3.24 The Babel package

("C:\Users\Frostis-PC\AppData\Local\Programs\MiKTeX 2.9\tex\generic\babel\switc
h.def"
File: switch.def 2018/09/26 3.24 Babel switching mechanism
)
*************************************
* Local config file bblopts.cfg used
*

("C:\Users\Frostis-PC\AppData\Local\Programs\MiKTeX 2.9\tex\latex\arabi\bblopts
.cfg"
File: bblopts.cfg 2005/09/08 v0.1 add Arabic and Farsi to "declared" options of
 babel
)
("C:\Users\Frostis-PC\AppData\Local\Programs\MiKTeX 2.9\tex\latex\babel-english
\english.ldf"
Language: english 2017/06/06 v3.3r English support from the babel system

("C:\Users\Frostis-PC\AppData\Local\Programs\MiKTeX 2.9\tex\generic\babel\babel
.def"
File: babel.def 2018/09/26 3.24 Babel common definitions
\babel@savecnt=\count88
\U@D=\dimen103

("C:\Users\Frostis-PC\AppData\Local\Programs\MiKTeX 2.9\tex\generic\babel\txtba
bel.def")
\bbl@dirlevel=\count89
)
\l@canadian = a dialect from \language\l@american 
\l@australian = a dialect from \language\l@british 
\l@newzealand = a dialect from \language\l@british 
))
("C:\Users\Frostis-PC\AppData\Local\Programs\MiKTeX 2.9\tex\latex\base\inputenc
.sty"
Package: inputenc 2018/04/06 v1.3b Input encoding file
\inpenc@prehook=\toks14
\inpenc@posthook=\toks15
)
("C:\Users\Frostis-PC\AppData\Local\Programs\MiKTeX 2.9\tex\latex\amsmath\amsma
th.sty"
Package: amsmath 2017/09/02 v2.17a AMS math features
\@mathmargin=\skip43

For additional information on amsmath, use the `?' option.

("C:\Users\Frostis-PC\AppData\Local\Programs\MiKTeX 2.9\tex\latex\amsmath\amste
xt.sty"
Package: amstext 2000/06/29 v2.01 AMS text

("C:\Users\Frostis-PC\AppData\Local\Programs\MiKTeX 2.9\tex\latex\amsmath\amsge
n.sty"
File: amsgen.sty 1999/11/30 v2.0 generic functions
\@emptytoks=\toks16
\ex@=\dimen104
))
("C:\Users\Frostis-PC\AppData\Local\Programs\MiKTeX 2.9\tex\latex\amsmath\amsbs
y.sty"
Package: amsbsy 1999/11/29 v1.2d Bold Symbols
\pmbraise@=\dimen105
)
("C:\Users\Frostis-PC\AppData\Local\Programs\MiKTeX 2.9\tex\latex\amsmath\amsop
n.sty"
Package: amsopn 2016/03/08 v2.02 operator names
)
\inf@bad=\count90
LaTeX Info: Redefining \frac on input line 213.
\uproot@=\count91
\leftroot@=\count92
LaTeX Info: Redefining \overline on input line 375.
\classnum@=\count93
\DOTSCASE@=\count94
LaTeX Info: Redefining \ldots on input line 472.
LaTeX Info: Redefining \dots on input line 475.
LaTeX Info: Redefining \cdots on input line 596.
\Mathstrutbox@=\box26
\strutbox@=\box27
\big@size=\dimen106
LaTeX Font Info:    Redeclaring font encoding OML on input line 712.
LaTeX Font Info:    Redeclaring font encoding OMS on input line 713.
\macc@depth=\count95
\c@MaxMatrixCols=\count96
\dotsspace@=\muskip10
\c@parentequation=\count97
\dspbrk@lvl=\count98
\tag@help=\toks17
\row@=\count99
\column@=\count100
\maxfields@=\count101
\andhelp@=\toks18
\eqnshift@=\dimen107
\alignsep@=\dimen108
\tagshift@=\dimen109
\tagwidth@=\dimen110
\totwidth@=\dimen111
\lineht@=\dimen112
\@envbody=\toks19
\multlinegap=\skip44
\multlinetaggap=\skip45
\mathdisplay@stack=\toks20
LaTeX Info: Redefining \[ on input line 2817.
LaTeX Info: Redefining \] on input line 2818.
)
("C:\Users\Frostis-PC\AppData\Local\Programs\MiKTeX 2.9\tex\latex\graphics\grap
hicx.sty"
Package: graphicx 2017/06/01 v1.1a Enhanced LaTeX Graphics (DPC,SPQR)

("C:\Users\Frostis-PC\AppData\Local\Programs\MiKTeX 2.9\tex\latex\graphics\keyv
al.sty"
Package: keyval 2014/10/28 v1.15 key=value parser (DPC)
\KV@toks@=\toks21
)
("C:\Users\Frostis-PC\AppData\Local\Programs\MiKTeX 2.9\tex\latex\graphics\grap
hics.sty"
Package: graphics 2017/06/25 v1.2c Standard LaTeX Graphics (DPC,SPQR)

("C:\Users\Frostis-PC\AppData\Local\Programs\MiKTeX 2.9\tex\latex\graphics\trig
.sty"
Package: trig 2016/01/03 v1.10 sin cos tan (DPC)
)
("C:\Users\Frostis-PC\AppData\Local\Programs\MiKTeX 2.9\tex\latex\graphics-cfg\
graphics.cfg"
File: graphics.cfg 2016/06/04 v1.11 sample graphics configuration
)
Package graphics Info: Driver file: pdftex.def on input line 99.

("C:\Users\Frostis-PC\AppData\Local\Programs\MiKTeX 2.9\tex\latex\graphics-def\
pdftex.def"
File: pdftex.def 2018/01/08 v1.0l Graphics/color driver for pdftex
))
\Gin@req@height=\dimen113
\Gin@req@width=\dimen114
)
("C:\Users\Frostis-PC\AppData\Local\Programs\MiKTeX 2.9\tex\latex\todonotes\tod
onotes.sty"
Package: todonotes 2018/11/22 v1.1.1 Todonotes source and documentation.
Package: todonotes 2018/11/22

("C:\Users\Frostis-PC\AppData\Local\Programs\MiKTeX 2.9\tex\latex\base\ifthen.s
ty"
Package: ifthen 2014/09/29 v1.1c Standard LaTeX ifthen package (DPC)
)
("C:\Users\Frostis-PC\AppData\Local\Programs\MiKTeX 2.9\tex\latex\xkeyval\xkeyv
al.sty"
Package: xkeyval 2014/12/03 v2.7a package option processing (HA)

("C:\Users\Frostis-PC\AppData\Local\Programs\MiKTeX 2.9\tex\generic\xkeyval\xke
yval.tex"
("C:\Users\Frostis-PC\AppData\Local\Programs\MiKTeX 2.9\tex\generic\xkeyval\xkv
utils.tex"
\XKV@toks=\toks22
\XKV@tempa@toks=\toks23
)
\XKV@depth=\count102
File: xkeyval.tex 2014/12/03 v2.7a key=value parser (HA)
))
("C:\Users\Frostis-PC\AppData\Local\Programs\MiKTeX 2.9\tex\latex\xcolor\xcolor
.sty"
Package: xcolor 2016/05/11 v2.12 LaTeX color extensions (UK)

("C:\Users\Frostis-PC\AppData\Local\Programs\MiKTeX 2.9\tex\latex\graphics-cfg\
color.cfg"
File: color.cfg 2016/01/02 v1.6 sample color configuration
)
Package xcolor Info: Driver file: pdftex.def on input line 225.
Package xcolor Info: Model `cmy' substituted by `cmy0' on input line 1348.
Package xcolor Info: Model `hsb' substituted by `rgb' on input line 1352.
Package xcolor Info: Model `RGB' extended on input line 1364.
Package xcolor Info: Model `HTML' substituted by `rgb' on input line 1366.
Package xcolor Info: Model `Hsb' substituted by `hsb' on input line 1367.
Package xcolor Info: Model `tHsb' substituted by `hsb' on input line 1368.
Package xcolor Info: Model `HSB' substituted by `hsb' on input line 1369.
Package xcolor Info: Model `Gray' substituted by `gray' on input line 1370.
Package xcolor Info: Model `wave' substituted by `hsb' on input line 1371.
)
("C:\Users\Frostis-PC\AppData\Local\Programs\MiKTeX 2.9\tex\latex\pgf\frontendl
ayer\tikz.sty"
("C:\Users\Frostis-PC\AppData\Local\Programs\MiKTeX 2.9\tex\latex\pgf\basiclaye
r\pgf.sty"
("C:\Users\Frostis-PC\AppData\Local\Programs\MiKTeX 2.9\tex\latex\pgf\utilities
\pgfrcs.sty"
("C:\Users\Frostis-PC\AppData\Local\Programs\MiKTeX 2.9\tex\generic\pgf\utiliti
es\pgfutil-common.tex"
\pgfutil@everybye=\toks24
\pgfutil@tempdima=\dimen115
\pgfutil@tempdimb=\dimen116

("C:\Users\Frostis-PC\AppData\Local\Programs\MiKTeX 2.9\tex\generic\pgf\utiliti
es\pgfutil-common-lists.tex"))
("C:\Users\Frostis-PC\AppData\Local\Programs\MiKTeX 2.9\tex\generic\pgf\utiliti
es\pgfutil-latex.def"
\pgfutil@abb=\box28

("C:\Users\Frostis-PC\AppData\Local\Programs\MiKTeX 2.9\tex\latex\ms\everyshi.s
ty"
Package: everyshi 2001/05/15 v3.00 EveryShipout Package (MS)
))
("C:\Users\Frostis-PC\AppData\Local\Programs\MiKTeX 2.9\tex\generic\pgf\utiliti
es\pgfrcs.code.tex"
Package: pgfrcs 2015/08/07 v3.0.1a (rcs-revision 1.31)
))
Package: pgf 2015/08/07 v3.0.1a (rcs-revision 1.15)

("C:\Users\Frostis-PC\AppData\Local\Programs\MiKTeX 2.9\tex\latex\pgf\basiclaye
r\pgfcore.sty"
("C:\Users\Frostis-PC\AppData\Local\Programs\MiKTeX 2.9\tex\latex\pgf\systemlay
er\pgfsys.sty"
("C:\Users\Frostis-PC\AppData\Local\Programs\MiKTeX 2.9\tex\generic\pgf\systeml
ayer\pgfsys.code.tex"
Package: pgfsys 2014/07/09 v3.0.1a (rcs-revision 1.48)

("C:\Users\Frostis-PC\AppData\Local\Programs\MiKTeX 2.9\tex\generic\pgf\utiliti
es\pgfkeys.code.tex"
\pgfkeys@pathtoks=\toks25
\pgfkeys@temptoks=\toks26

("C:\Users\Frostis-PC\AppData\Local\Programs\MiKTeX 2.9\tex\generic\pgf\utiliti
es\pgfkeysfiltered.code.tex"
\pgfkeys@tmptoks=\toks27
))
\pgf@x=\dimen117
\pgf@y=\dimen118
\pgf@xa=\dimen119
\pgf@ya=\dimen120
\pgf@xb=\dimen121
\pgf@yb=\dimen122
\pgf@xc=\dimen123
\pgf@yc=\dimen124
\w@pgf@writea=\write3
\r@pgf@reada=\read1
\c@pgf@counta=\count103
\c@pgf@countb=\count104
\c@pgf@countc=\count105
\c@pgf@countd=\count106
\t@pgf@toka=\toks28
\t@pgf@tokb=\toks29
\t@pgf@tokc=\toks30

("C:\Users\Frostis-PC\AppData\Local\Programs\MiKTeX 2.9\tex\generic\pgf\systeml
ayer\pgf.cfg"
File: pgf.cfg 2008/05/14  (rcs-revision 1.7)
)
Driver file for pgf: pgfsys-pdftex.def

("C:\Users\Frostis-PC\AppData\Local\Programs\MiKTeX 2.9\tex\generic\pgf\systeml
ayer\pgfsys-pdftex.def"
File: pgfsys-pdftex.def 2014/10/11  (rcs-revision 1.35)

("C:\Users\Frostis-PC\AppData\Local\Programs\MiKTeX 2.9\tex\generic\pgf\systeml
ayer\pgfsys-common-pdf.def"
File: pgfsys-common-pdf.def 2013/10/10  (rcs-revision 1.13)
)))
("C:\Users\Frostis-PC\AppData\Local\Programs\MiKTeX 2.9\tex\generic\pgf\systeml
ayer\pgfsyssoftpath.code.tex"
File: pgfsyssoftpath.code.tex 2013/09/09  (rcs-revision 1.9)
\pgfsyssoftpath@smallbuffer@items=\count107
\pgfsyssoftpath@bigbuffer@items=\count108
)
("C:\Users\Frostis-PC\AppData\Local\Programs\MiKTeX 2.9\tex\generic\pgf\systeml
ayer\pgfsysprotocol.code.tex"
File: pgfsysprotocol.code.tex 2006/10/16  (rcs-revision 1.4)
))
("C:\Users\Frostis-PC\AppData\Local\Programs\MiKTeX 2.9\tex\generic\pgf\basicla
yer\pgfcore.code.tex"
Package: pgfcore 2010/04/11 v3.0.1a (rcs-revision 1.7)

("C:\Users\Frostis-PC\AppData\Local\Programs\MiKTeX 2.9\tex\generic\pgf\math\pg
fmath.code.tex"
("C:\Users\Frostis-PC\AppData\Local\Programs\MiKTeX 2.9\tex\generic\pgf\math\pg
fmathcalc.code.tex"
("C:\Users\Frostis-PC\AppData\Local\Programs\MiKTeX 2.9\tex\generic\pgf\math\pg
fmathutil.code.tex")
("C:\Users\Frostis-PC\AppData\Local\Programs\MiKTeX 2.9\tex\generic\pgf\math\pg
fmathparser.code.tex"
\pgfmath@dimen=\dimen125
\pgfmath@count=\count109
\pgfmath@box=\box29
\pgfmath@toks=\toks31
\pgfmath@stack@operand=\toks32
\pgfmath@stack@operation=\toks33
)
("C:\Users\Frostis-PC\AppData\Local\Programs\MiKTeX 2.9\tex\generic\pgf\math\pg
fmathfunctions.code.tex"
("C:\Users\Frostis-PC\AppData\Local\Programs\MiKTeX 2.9\tex\generic\pgf\math\pg
fmathfunctions.basic.code.tex")
("C:\Users\Frostis-PC\AppData\Local\Programs\MiKTeX 2.9\tex\generic\pgf\math\pg
fmathfunctions.trigonometric.code.tex")
("C:\Users\Frostis-PC\AppData\Local\Programs\MiKTeX 2.9\tex\generic\pgf\math\pg
fmathfunctions.random.code.tex")
("C:\Users\Frostis-PC\AppData\Local\Programs\MiKTeX 2.9\tex\generic\pgf\math\pg
fmathfunctions.comparison.code.tex")
("C:\Users\Frostis-PC\AppData\Local\Programs\MiKTeX 2.9\tex\generic\pgf\math\pg
fmathfunctions.base.code.tex")
("C:\Users\Frostis-PC\AppData\Local\Programs\MiKTeX 2.9\tex\generic\pgf\math\pg
fmathfunctions.round.code.tex")
("C:\Users\Frostis-PC\AppData\Local\Programs\MiKTeX 2.9\tex\generic\pgf\math\pg
fmathfunctions.misc.code.tex")
("C:\Users\Frostis-PC\AppData\Local\Programs\MiKTeX 2.9\tex\generic\pgf\math\pg
fmathfunctions.integerarithmetics.code.tex")))
("C:\Users\Frostis-PC\AppData\Local\Programs\MiKTeX 2.9\tex\generic\pgf\math\pg
fmathfloat.code.tex"
\c@pgfmathroundto@lastzeros=\count110
))
("C:\Users\Frostis-PC\AppData\Local\Programs\MiKTeX 2.9\tex\generic\pgf\basicla
yer\pgfcorepoints.code.tex"
File: pgfcorepoints.code.tex 2013/10/07  (rcs-revision 1.27)
\pgf@picminx=\dimen126
\pgf@picmaxx=\dimen127
\pgf@picminy=\dimen128
\pgf@picmaxy=\dimen129
\pgf@pathminx=\dimen130
\pgf@pathmaxx=\dimen131
\pgf@pathminy=\dimen132
\pgf@pathmaxy=\dimen133
\pgf@xx=\dimen134
\pgf@xy=\dimen135
\pgf@yx=\dimen136
\pgf@yy=\dimen137
\pgf@zx=\dimen138
\pgf@zy=\dimen139
)
("C:\Users\Frostis-PC\AppData\Local\Programs\MiKTeX 2.9\tex\generic\pgf\basicla
yer\pgfcorepathconstruct.code.tex"
File: pgfcorepathconstruct.code.tex 2013/10/07  (rcs-revision 1.29)
\pgf@path@lastx=\dimen140
\pgf@path@lasty=\dimen141
)
("C:\Users\Frostis-PC\AppData\Local\Programs\MiKTeX 2.9\tex\generic\pgf\basicla
yer\pgfcorepathusage.code.tex"
File: pgfcorepathusage.code.tex 2014/11/02  (rcs-revision 1.24)
\pgf@shorten@end@additional=\dimen142
\pgf@shorten@start@additional=\dimen143
)
("C:\Users\Frostis-PC\AppData\Local\Programs\MiKTeX 2.9\tex\generic\pgf\basicla
yer\pgfcorescopes.code.tex"
File: pgfcorescopes.code.tex 2015/05/08  (rcs-revision 1.46)
\pgfpic=\box30
\pgf@hbox=\box31
\pgf@layerbox@main=\box32
\pgf@picture@serial@count=\count111
)
("C:\Users\Frostis-PC\AppData\Local\Programs\MiKTeX 2.9\tex\generic\pgf\basicla
yer\pgfcoregraphicstate.code.tex"
File: pgfcoregraphicstate.code.tex 2014/11/02  (rcs-revision 1.12)
\pgflinewidth=\dimen144
)
("C:\Users\Frostis-PC\AppData\Local\Programs\MiKTeX 2.9\tex\generic\pgf\basicla
yer\pgfcoretransformations.code.tex"
File: pgfcoretransformations.code.tex 2015/08/07  (rcs-revision 1.20)
\pgf@pt@x=\dimen145
\pgf@pt@y=\dimen146
\pgf@pt@temp=\dimen147
)
("C:\Users\Frostis-PC\AppData\Local\Programs\MiKTeX 2.9\tex\generic\pgf\basicla
yer\pgfcorequick.code.tex"
File: pgfcorequick.code.tex 2008/10/09  (rcs-revision 1.3)
)
("C:\Users\Frostis-PC\AppData\Local\Programs\MiKTeX 2.9\tex\generic\pgf\basicla
yer\pgfcoreobjects.code.tex"
File: pgfcoreobjects.code.tex 2006/10/11  (rcs-revision 1.2)
)
("C:\Users\Frostis-PC\AppData\Local\Programs\MiKTeX 2.9\tex\generic\pgf\basicla
yer\pgfcorepathprocessing.code.tex"
File: pgfcorepathprocessing.code.tex 2013/09/09  (rcs-revision 1.9)
)
("C:\Users\Frostis-PC\AppData\Local\Programs\MiKTeX 2.9\tex\generic\pgf\basicla
yer\pgfcorearrows.code.tex"
File: pgfcorearrows.code.tex 2015/05/14  (rcs-revision 1.43)
\pgfarrowsep=\dimen148
)
("C:\Users\Frostis-PC\AppData\Local\Programs\MiKTeX 2.9\tex\generic\pgf\basicla
yer\pgfcoreshade.code.tex"
File: pgfcoreshade.code.tex 2013/07/15  (rcs-revision 1.15)
\pgf@max=\dimen149
\pgf@sys@shading@range@num=\count112
)
("C:\Users\Frostis-PC\AppData\Local\Programs\MiKTeX 2.9\tex\generic\pgf\basicla
yer\pgfcoreimage.code.tex"
File: pgfcoreimage.code.tex 2013/07/15  (rcs-revision 1.18)

("C:\Users\Frostis-PC\AppData\Local\Programs\MiKTeX 2.9\tex\generic\pgf\basicla
yer\pgfcoreexternal.code.tex"
File: pgfcoreexternal.code.tex 2014/07/09  (rcs-revision 1.21)
\pgfexternal@startupbox=\box33
))
("C:\Users\Frostis-PC\AppData\Local\Programs\MiKTeX 2.9\tex\generic\pgf\basicla
yer\pgfcorelayers.code.tex"
File: pgfcorelayers.code.tex 2013/07/18  (rcs-revision 1.7)
)
("C:\Users\Frostis-PC\AppData\Local\Programs\MiKTeX 2.9\tex\generic\pgf\basicla
yer\pgfcoretransparency.code.tex"
File: pgfcoretransparency.code.tex 2013/09/30  (rcs-revision 1.5)
)
("C:\Users\Frostis-PC\AppData\Local\Programs\MiKTeX 2.9\tex\generic\pgf\basicla
yer\pgfcorepatterns.code.tex"
File: pgfcorepatterns.code.tex 2013/11/07  (rcs-revision 1.5)
)))
("C:\Users\Frostis-PC\AppData\Local\Programs\MiKTeX 2.9\tex\generic\pgf\modules
\pgfmoduleshapes.code.tex"
File: pgfmoduleshapes.code.tex 2014/03/21  (rcs-revision 1.35)
\pgfnodeparttextbox=\box34
)
("C:\Users\Frostis-PC\AppData\Local\Programs\MiKTeX 2.9\tex\generic\pgf\modules
\pgfmoduleplot.code.tex"
File: pgfmoduleplot.code.tex 2015/08/03  (rcs-revision 1.13)
)
("C:\Users\Frostis-PC\AppData\Local\Programs\MiKTeX 2.9\tex\latex\pgf\compatibi
lity\pgfcomp-version-0-65.sty"
Package: pgfcomp-version-0-65 2007/07/03 v3.0.1a (rcs-revision 1.7)
\pgf@nodesepstart=\dimen150
\pgf@nodesepend=\dimen151
)
("C:\Users\Frostis-PC\AppData\Local\Programs\MiKTeX 2.9\tex\latex\pgf\compatibi
lity\pgfcomp-version-1-18.sty"
Package: pgfcomp-version-1-18 2007/07/23 v3.0.1a (rcs-revision 1.1)
))
("C:\Users\Frostis-PC\AppData\Local\Programs\MiKTeX 2.9\tex\latex\pgf\utilities
\pgffor.sty"
("C:\Users\Frostis-PC\AppData\Local\Programs\MiKTeX 2.9\tex\latex\pgf\utilities
\pgfkeys.sty"
("C:\Users\Frostis-PC\AppData\Local\Programs\MiKTeX 2.9\tex\generic\pgf\utiliti
es\pgfkeys.code.tex"))
("C:\Users\Frostis-PC\AppData\Local\Programs\MiKTeX 2.9\tex\latex\pgf\math\pgfm
ath.sty"
("C:\Users\Frostis-PC\AppData\Local\Programs\MiKTeX 2.9\tex\generic\pgf\math\pg
fmath.code.tex"))
("C:\Users\Frostis-PC\AppData\Local\Programs\MiKTeX 2.9\tex\generic\pgf\utiliti
es\pgffor.code.tex"
Package: pgffor 2013/12/13 v3.0.1a (rcs-revision 1.25)

("C:\Users\Frostis-PC\AppData\Local\Programs\MiKTeX 2.9\tex\generic\pgf\math\pg
fmath.code.tex")
\pgffor@iter=\dimen152
\pgffor@skip=\dimen153
\pgffor@stack=\toks34
\pgffor@toks=\toks35
))
("C:\Users\Frostis-PC\AppData\Local\Programs\MiKTeX 2.9\tex\generic\pgf\fronten
dlayer\tikz\tikz.code.tex"
Package: tikz 2015/08/07 v3.0.1a (rcs-revision 1.151)

("C:\Users\Frostis-PC\AppData\Local\Programs\MiKTeX 2.9\tex\generic\pgf\librari
es\pgflibraryplothandlers.code.tex"
File: pgflibraryplothandlers.code.tex 2013/08/31 v3.0.1a (rcs-revision 1.20)
\pgf@plot@mark@count=\count113
\pgfplotmarksize=\dimen154
)
\tikz@lastx=\dimen155
\tikz@lasty=\dimen156
\tikz@lastxsaved=\dimen157
\tikz@lastysaved=\dimen158
\tikzleveldistance=\dimen159
\tikzsiblingdistance=\dimen160
\tikz@figbox=\box35
\tikz@figbox@bg=\box36
\tikz@tempbox=\box37
\tikz@tempbox@bg=\box38
\tikztreelevel=\count114
\tikznumberofchildren=\count115
\tikznumberofcurrentchild=\count116
\tikz@fig@count=\count117

("C:\Users\Frostis-PC\AppData\Local\Programs\MiKTeX 2.9\tex\generic\pgf\modules
\pgfmodulematrix.code.tex"
File: pgfmodulematrix.code.tex 2013/09/17  (rcs-revision 1.8)
\pgfmatrixcurrentrow=\count118
\pgfmatrixcurrentcolumn=\count119
\pgf@matrix@numberofcolumns=\count120
)
\tikz@expandcount=\count121

("C:\Users\Frostis-PC\AppData\Local\Programs\MiKTeX 2.9\tex\generic\pgf\fronten
dlayer\tikz\libraries\tikzlibrarytopaths.code.tex"
File: tikzlibrarytopaths.code.tex 2008/06/17 v3.0.1a (rcs-revision 1.2)
)))
("C:\Users\Frostis-PC\AppData\Local\Programs\MiKTeX 2.9\tex\generic\pgf\fronten
dlayer\tikz\libraries\tikzlibrarypositioning.code.tex"
File: tikzlibrarypositioning.code.tex 2008/10/06 v3.0.1a (rcs-revision 1.7)
)
("C:\Users\Frostis-PC\AppData\Local\Programs\MiKTeX 2.9\tex\generic\pgf\fronten
dlayer\tikz\libraries\tikzlibraryshadows.code.tex"
File: tikzlibraryshadows.code.tex 2008/01/13 v3.0.1a (rcs-revision 1.3)

("C:\Users\Frostis-PC\AppData\Local\Programs\MiKTeX 2.9\tex\generic\pgf\fronten
dlayer\tikz\libraries\tikzlibraryfadings.code.tex"
File: tikzlibraryfadings.code.tex 2009/11/15 v3.0.1a (rcs-revision 1.2)

("C:\Users\Frostis-PC\AppData\Local\Programs\MiKTeX 2.9\tex\generic\pgf\librari
es\pgflibraryfadings.code.tex"
File: pgflibraryfadings.code.tex 2008/02/07 v3.0.1a (rcs-revision 1.3)
)))
("C:\Users\Frostis-PC\AppData\Local\Programs\MiKTeX 2.9\tex\latex\tools\calc.st
y"
Package: calc 2017/05/25 v4.3 Infix arithmetic (KKT,FJ)
\calc@Acount=\count122
\calc@Bcount=\count123
\calc@Adimen=\dimen161
\calc@Bdimen=\dimen162
\calc@Askip=\skip46
\calc@Bskip=\skip47
LaTeX Info: Redefining \setlength on input line 80.
LaTeX Info: Redefining \addtolength on input line 81.
\calc@Ccount=\count124
\calc@Cskip=\skip48
)
\c@@todonotes@numberoftodonotes=\count125
) (paper.aux

LaTeX Warning: Label `sec:lstm' multiply defined.

)
\openout1 = `paper.aux'.

LaTeX Font Info:    Checking defaults for OML/cmm/m/it on input line 17.
LaTeX Font Info:    ... okay on input line 17.
LaTeX Font Info:    Checking defaults for T1/cmr/m/n on input line 17.
LaTeX Font Info:    ... okay on input line 17.
LaTeX Font Info:    Checking defaults for OT1/cmr/m/n on input line 17.
LaTeX Font Info:    ... okay on input line 17.
LaTeX Font Info:    Checking defaults for OMS/cmsy/m/n on input line 17.
LaTeX Font Info:    ... okay on input line 17.
LaTeX Font Info:    Checking defaults for OMX/cmex/m/n on input line 17.
LaTeX Font Info:    ... okay on input line 17.
LaTeX Font Info:    Checking defaults for U/cmr/m/n on input line 17.
LaTeX Font Info:    ... okay on input line 17.

("C:\Users\Frostis-PC\AppData\Local\Programs\MiKTeX 2.9\tex\context\base\supp-p
df.mkii"
[Loading MPS to PDF converter (version 2006.09.02).]
\scratchcounter=\count126
\scratchdimen=\dimen163
\scratchbox=\box39
\nofMPsegments=\count127
\nofMParguments=\count128
\everyMPshowfont=\toks36
\MPscratchCnt=\count129
\MPscratchDim=\dimen164
\MPnumerator=\count130
\makeMPintoPDFobject=\count131
\everyMPtoPDFconversion=\toks37
)
("C:\Users\Frostis-PC\AppData\Local\Programs\MiKTeX 2.9\tex\latex\oberdiek\epst
opdf-base.sty"
Package: epstopdf-base 2016/05/15 v2.6 Base part for package epstopdf

("C:\Users\Frostis-PC\AppData\Local\Programs\MiKTeX 2.9\tex\generic\oberdiek\in
fwarerr.sty"
Package: infwarerr 2016/05/16 v1.4 Providing info/warning/error messages (HO)
)
("C:\Users\Frostis-PC\AppData\Local\Programs\MiKTeX 2.9\tex\latex\oberdiek\grfe
xt.sty"
Package: grfext 2016/05/16 v1.2 Manage graphics extensions (HO)

("C:\Users\Frostis-PC\AppData\Local\Programs\MiKTeX 2.9\tex\generic\oberdiek\kv
definekeys.sty"
Package: kvdefinekeys 2016/05/16 v1.4 Define keys (HO)

("C:\Users\Frostis-PC\AppData\Local\Programs\MiKTeX 2.9\tex\generic\oberdiek\lt
xcmds.sty"
Package: ltxcmds 2016/05/16 v1.23 LaTeX kernel commands for general use (HO)
)))
("C:\Users\Frostis-PC\AppData\Local\Programs\MiKTeX 2.9\tex\latex\oberdiek\kvop
tions.sty"
Package: kvoptions 2016/05/16 v3.12 Key value format for package options (HO)

("C:\Users\Frostis-PC\AppData\Local\Programs\MiKTeX 2.9\tex\generic\oberdiek\kv
setkeys.sty"
Package: kvsetkeys 2016/05/16 v1.17 Key value parser (HO)

("C:\Users\Frostis-PC\AppData\Local\Programs\MiKTeX 2.9\tex\generic\oberdiek\et
excmds.sty"
Package: etexcmds 2016/05/16 v1.6 Avoid name clashes with e-TeX commands (HO)

("C:\Users\Frostis-PC\AppData\Local\Programs\MiKTeX 2.9\tex\generic\oberdiek\if
luatex.sty"
Package: ifluatex 2016/05/16 v1.4 Provides the ifluatex switch (HO)
Package ifluatex Info: LuaTeX not detected.
)
Package etexcmds Info: Could not find \expanded.
(etexcmds)             That can mean that you are not using pdfTeX 1.50 or
(etexcmds)             that some package has redefined \expanded.
(etexcmds)             In the latter case, load this package earlier.
)))
("C:\Users\Frostis-PC\AppData\Local\Programs\MiKTeX 2.9\tex\generic\oberdiek\pd
ftexcmds.sty"
Package: pdftexcmds 2018/09/10 v0.29 Utility functions of pdfTeX for LuaTeX (HO
)

("C:\Users\Frostis-PC\AppData\Local\Programs\MiKTeX 2.9\tex\generic\oberdiek\if
pdf.sty"
Package: ifpdf 2018/09/07 v3.3 Provides the ifpdf switch
)
Package pdftexcmds Info: LuaTeX not detected.
Package pdftexcmds Info: \pdf@primitive is available.
Package pdftexcmds Info: \pdf@ifprimitive is available.
Package pdftexcmds Info: \pdfdraftmode found.
)
Package epstopdf-base Info: Redefining graphics rule for `.eps' on input line 4
38.
Package grfext Info: Graphics extension search list:
(grfext)             [.pdf,.png,.jpg,.mps,.jpeg,.jbig2,.jb2,.PDF,.PNG,.JPG,.JPE
G,.JBIG2,.JB2,.eps]
(grfext)             \AppendGraphicsExtensions on input line 456.
) ABD: EveryShipout initializing macros [1

{C:/Users/Frostis-PC/AppData/Local/MiKTeX/2.9/pdftex/config/pdftex.map}]
<./images/sr-eda-wikitext-train-words.png, id=39, 1499.6025pt x 714.67pt>
File: ./images/sr-eda-wikitext-train-words.png Graphic file (type png)
<use ./images/sr-eda-wikitext-train-words.png>
Package pdftex.def Info: ./images/sr-eda-wikitext-train-words.png  used on inpu
t line 97.
(pdftex.def)             Requested size: 241.49895pt x 115.09106pt.
<./images/sr-eda-wikitext-valid-words.png, id=41, 1499.6025pt x 729.72626pt>
File: ./images/sr-eda-wikitext-valid-words.png Graphic file (type png)
<use ./images/sr-eda-wikitext-valid-words.png>
Package pdftex.def Info: ./images/sr-eda-wikitext-valid-words.png  used on inpu
t line 98.
(pdftex.def)             Requested size: 241.49895pt x 117.51575pt.
 [2 <./images/sr-eda-wikitext-train-words.png> <./images/sr-eda-wikitext-valid-
words.png>]
<./images/sr-eda-wikitext-bigrams.png, id=47, 406.51875pt x 322.20375pt>
File: ./images/sr-eda-wikitext-bigrams.png Graphic file (type png)
<use ./images/sr-eda-wikitext-bigrams.png>
Package pdftex.def Info: ./images/sr-eda-wikitext-bigrams.png  used on input li
ne 121.
(pdftex.def)             Requested size: 241.49895pt x 191.41124pt.
<./images/sr-eda-wikitext-trigrams.png, id=48, 399.4925pt x 373.395pt>
File: ./images/sr-eda-wikitext-trigrams.png Graphic file (type png)
<use ./images/sr-eda-wikitext-trigrams.png>
Package pdftex.def Info: ./images/sr-eda-wikitext-trigrams.png  used on input l
ine 122.
(pdftex.def)             Requested size: 241.49895pt x 225.7252pt.
 [3 <./images/sr-eda-wikitext-bigrams.png> <./images/sr-eda-wikitext-trigrams.p
ng>]
<./images/sr-eda-gigaword-train-words.png, id=54, 1499.6025pt x 740.7675pt>
File: ./images/sr-eda-gigaword-train-words.png Graphic file (type png)
<use ./images/sr-eda-gigaword-train-words.png>
Package pdftex.def Info: ./images/sr-eda-gigaword-train-words.png  used on inpu
t line 145.
(pdftex.def)             Requested size: 241.49895pt x 119.29384pt.
<./images/sr-eda-gigaword-valid-words.png, id=55, 1499.6025pt x 740.7675pt>
File: ./images/sr-eda-gigaword-valid-words.png Graphic file (type png)
<use ./images/sr-eda-gigaword-valid-words.png>
Package pdftex.def Info: ./images/sr-eda-gigaword-valid-words.png  used on inpu
t line 146.
(pdftex.def)             Requested size: 241.49895pt x 119.29384pt.
<./images/sr-eda-gigaword-bigrams.png, id=56, 406.51875pt x 352.31625pt>
File: ./images/sr-eda-gigaword-bigrams.png Graphic file (type png)
<use ./images/sr-eda-gigaword-bigrams.png>
Package pdftex.def Info: ./images/sr-eda-gigaword-bigrams.png  used on input li
ne 156.
(pdftex.def)             Requested size: 241.49895pt x 209.30014pt.
<./images/sr-eda-gigaword-trigrams.png, id=57, 399.4925pt x 400.49625pt>
File: ./images/sr-eda-gigaword-trigrams.png Graphic file (type png)
<use ./images/sr-eda-gigaword-trigrams.png>
Package pdftex.def Info: ./images/sr-eda-gigaword-trigrams.png  used on input l
ine 157.
(pdftex.def)             Requested size: 241.49895pt x 242.10847pt.
 [4 <./images/sr-eda-gigaword-train-words.png> <./images/sr-eda-gigaword-valid-
words.png>]
[5 <./images/sr-eda-gigaword-bigrams.png> <./images/sr-eda-gigaword-trigrams.pn
g>] [6] [7] [8]
<./images/01.png, id=87, 803.0pt x 281.05pt>
File: ./images/01.png Graphic file (type png)
<use ./images/01.png>
Package pdftex.def Info: ./images/01.png  used on input line 386.
(pdftex.def)             Requested size: 345.0pt x 120.7505pt.
 [9 <./images/01.png (PNG copy)>] [10]
<./images/sr-perf-by-model-architecture.png, id=94, 993.7125pt x 279.0425pt>
File: ./images/sr-perf-by-model-architecture.png Graphic file (type png)
<use ./images/sr-perf-by-model-architecture.png>
Package pdftex.def Info: ./images/sr-perf-by-model-architecture.png  used on in
put line 463.
(pdftex.def)             Requested size: 241.49895pt x 67.8146pt.
<./images/sr-perf-by-hidden-lstm.png, id=95, 999.735pt x 279.0425pt>
File: ./images/sr-perf-by-hidden-lstm.png Graphic file (type png)
<use ./images/sr-perf-by-hidden-lstm.png>
Package pdftex.def Info: ./images/sr-perf-by-hidden-lstm.png  used on input lin
e 479.
(pdftex.def)             Requested size: 241.49895pt x 67.40585pt.
<./images/sr-perf-by-hidden-gru.png, id=96, 993.7125pt x 279.0425pt>
File: ./images/sr-perf-by-hidden-gru.png Graphic file (type png)
<use ./images/sr-perf-by-hidden-gru.png>
Package pdftex.def Info: ./images/sr-perf-by-hidden-gru.png  used on input line
 480.
(pdftex.def)             Requested size: 241.49895pt x 67.8146pt.
<./images/sr-perf-by-hidden-rnn.png, id=97, 993.7125pt x 279.0425pt>
File: ./images/sr-perf-by-hidden-rnn.png Graphic file (type png)
<use ./images/sr-perf-by-hidden-rnn.png>
Package pdftex.def Info: ./images/sr-perf-by-hidden-rnn.png  used on input line
 481.
(pdftex.def)             Requested size: 241.49895pt x 67.8146pt.
 [11 <./images/sr-perf-by-model-architecture.png>]
<./images/sr-perf-by-hidden-units-lstm.png, id=102, 993.7125pt x 279.0425pt>
File: ./images/sr-perf-by-hidden-units-lstm.png Graphic file (type png)
<use ./images/sr-perf-by-hidden-units-lstm.png>
Package pdftex.def Info: ./images/sr-perf-by-hidden-units-lstm.png  used on inp
ut line 501.
(pdftex.def)             Requested size: 241.49895pt x 67.8146pt.
<./images/sr-perf-by-hidden-units-gru.png, id=103, 986.68625pt x 279.0425pt>
File: ./images/sr-perf-by-hidden-units-gru.png Graphic file (type png)
<use ./images/sr-perf-by-hidden-units-gru.png>
Package pdftex.def Info: ./images/sr-perf-by-hidden-units-gru.png  used on inpu
t line 502.
(pdftex.def)             Requested size: 241.49895pt x 68.29575pt.
<./images/sr-perf-by-hidden-units-rnn.png, id=104, 993.7125pt x 279.0425pt>
File: ./images/sr-perf-by-hidden-units-rnn.png Graphic file (type png)
<use ./images/sr-perf-by-hidden-units-rnn.png>
Package pdftex.def Info: ./images/sr-perf-by-hidden-units-rnn.png  used on inpu
t line 503.
(pdftex.def)             Requested size: 241.49895pt x 67.8146pt.
<./images/sr-perf-by-dropout-lstm.png, id=105, 993.7125pt x 279.0425pt>
File: ./images/sr-perf-by-dropout-lstm.png Graphic file (type png)
<use ./images/sr-perf-by-dropout-lstm.png>
Package pdftex.def Info: ./images/sr-perf-by-dropout-lstm.png  used on input li
ne 522.
(pdftex.def)             Requested size: 241.49895pt x 67.8146pt.
<./images/sr-perf-by-dropout-gru.png, id=106, 986.68625pt x 279.0425pt>
File: ./images/sr-perf-by-dropout-gru.png Graphic file (type png)
<use ./images/sr-perf-by-dropout-gru.png>
Package pdftex.def Info: ./images/sr-perf-by-dropout-gru.png  used on input lin
e 523.
(pdftex.def)             Requested size: 241.49895pt x 68.29575pt.
<./images/sr-perf-by-dropout-rnn.png, id=107, 986.68625pt x 279.0425pt>
File: ./images/sr-perf-by-dropout-rnn.png Graphic file (type png)
<use ./images/sr-perf-by-dropout-rnn.png>
Package pdftex.def Info: ./images/sr-perf-by-dropout-rnn.png  used on input lin
e 524.
(pdftex.def)             Requested size: 241.49895pt x 68.29575pt.
 [12 <./images/sr-perf-by-hidden-lstm.png> <./images/sr-perf-by-hidden-gru.png>
 <./images/sr-perf-by-hidden-rnn.png>]
<./images/sr-perf-by-embedding-lstm.png, id=114, 993.7125pt x 279.0425pt>
File: ./images/sr-perf-by-embedding-lstm.png Graphic file (type png)
<use ./images/sr-perf-by-embedding-lstm.png>
Package pdftex.def Info: ./images/sr-perf-by-embedding-lstm.png  used on input 
line 546.
(pdftex.def)             Requested size: 241.49895pt x 67.8146pt.
<./images/sr-perf-by-embedding-gru.png, id=115, 993.7125pt x 279.0425pt>
File: ./images/sr-perf-by-embedding-gru.png Graphic file (type png)
<use ./images/sr-perf-by-embedding-gru.png>
Package pdftex.def Info: ./images/sr-perf-by-embedding-gru.png  used on input l
ine 547.
(pdftex.def)             Requested size: 241.49895pt x 67.8146pt.
<./images/sr-perf-by-embedding-rnn.png, id=116, 986.68625pt x 279.0425pt>
File: ./images/sr-perf-by-embedding-rnn.png Graphic file (type png)
<use ./images/sr-perf-by-embedding-rnn.png>
Package pdftex.def Info: ./images/sr-perf-by-embedding-rnn.png  used on input l
ine 548.
(pdftex.def)             Requested size: 241.49895pt x 68.29575pt.
 [13 <./images/sr-perf-by-hidden-units-lstm.png> <./images/sr-perf-by-hidden-un
its-gru.png> <./images/sr-perf-by-hidden-units-rnn.png> <./images/sr-perf-by-dr
opout-lstm.png> <./images/sr-perf-by-dropout-gru.png> <./images/sr-perf-by-drop
out-rnn.png>]
<./images/sr-perf-by-shortlist-lstm.png, id=127, 993.7125pt x 279.0425pt>
File: ./images/sr-perf-by-shortlist-lstm.png Graphic file (type png)
<use ./images/sr-perf-by-shortlist-lstm.png>
Package pdftex.def Info: ./images/sr-perf-by-shortlist-lstm.png  used on input 
line 570.
(pdftex.def)             Requested size: 241.49895pt x 67.8146pt.
<./images/sr-perf-by-shortlist-gru.png, id=128, 993.7125pt x 279.0425pt>
File: ./images/sr-perf-by-shortlist-gru.png Graphic file (type png)
<use ./images/sr-perf-by-shortlist-gru.png>
Package pdftex.def Info: ./images/sr-perf-by-shortlist-gru.png  used on input l
ine 571.
(pdftex.def)             Requested size: 241.49895pt x 67.8146pt.
<./images/sr-perf-by-shortlist-rnn.png, id=129, 986.68625pt x 279.0425pt>
File: ./images/sr-perf-by-shortlist-rnn.png Graphic file (type png)
<use ./images/sr-perf-by-shortlist-rnn.png>
Package pdftex.def Info: ./images/sr-perf-by-shortlist-rnn.png  used on input l
ine 572.
(pdftex.def)             Requested size: 241.49895pt x 68.29575pt.

[14 <./images/sr-perf-by-embedding-lstm.png> <./images/sr-perf-by-embedding-gru
.png> <./images/sr-perf-by-embedding-rnn.png>]
<./images/lstm-tw.png, id=136, 986.9372pt x 301.125pt>
File: ./images/lstm-tw.png Graphic file (type png)
<use ./images/lstm-tw.png>
Package pdftex.def Info: ./images/lstm-tw.png  used on input line 603.
(pdftex.def)             Requested size: 344.99646pt x 85.35744pt.
<./images/gru-tw.png, id=137, 980.91469pt x 302.63063pt>
File: ./images/gru-tw.png Graphic file (type png)
<use ./images/gru-tw.png>
Package pdftex.def Info: ./images/gru-tw.png  used on input line 607.
(pdftex.def)             Requested size: 345.00165pt x 85.35939pt.
<./images/tanh-tw.png, id=138, 986.9372pt x 300.3722pt>
File: ./images/tanh-tw.png Graphic file (type png)
<use ./images/tanh-tw.png>
Package pdftex.def Info: ./images/tanh-tw.png  used on input line 611.
(pdftex.def)             Requested size: 344.99646pt x 85.35945pt.
 [15 <./images/sr-perf-by-shortlist-lstm.png> <./images/sr-perf-by-shortlist-gr
u.png> <./images/sr-perf-by-shortlist-rnn.png> <./images/lstm-tw.png> <./images
/gru-tw.png>]
<./images/lstm-xi.png, id=147, 986.9372pt x 300.3722pt>
File: ./images/lstm-xi.png Graphic file (type png)
<use ./images/lstm-xi.png>
Package pdftex.def Info: ./images/lstm-xi.png  used on input line 626.
(pdftex.def)             Requested size: 344.99646pt x 85.35945pt.
<./images/gru-xi.png, id=148, 980.91469pt x 304.13625pt>
File: ./images/gru-xi.png Graphic file (type png)
<use ./images/gru-xi.png>
Package pdftex.def Info: ./images/gru-xi.png  used on input line 630.
(pdftex.def)             Requested size: 345.00165pt x 85.35712pt.
<./images/tanh-xi.png, id=149, 986.9372pt x 301.125pt>
File: ./images/tanh-xi.png Graphic file (type png)
<use ./images/tanh-xi.png>
Package pdftex.def Info: ./images/tanh-xi.png  used on input line 634.
(pdftex.def)             Requested size: 344.99646pt x 85.35744pt.
 [16 <./images/tanh-tw.png> <./images/lstm-xi.png> <./images/gru-xi.png>] [17 <
./images/tanh-xi.png>] (paper.aux)

LaTeX Warning: There were multiply-defined labels.

 ) 
Here is how much of TeX's memory you used:
 13311 strings out of 492970
 271831 string characters out of 3124373
 314242 words of memory out of 3000000
 16878 multiletter control sequences out of 15000+200000
 9668 words of font info for 35 fonts, out of 3000000 for 9000
 1141 hyphenation exceptions out of 8191
 62i,6n,80p,670b,287s stack positions out of 5000i,500n,10000p,200000b,50000s
<C:/Users/Frostis-PC/AppData/Local/Programs/MiKTeX 2.9/fonts/type1/public/ams
fonts/cm/cmbx12.pfb><C:/Users/Frostis-PC/AppData/Local/Programs/MiKTeX 2.9/font
s/type1/public/amsfonts/cm/cmbx9.pfb><C:/Users/Frostis-PC/AppData/Local/Program
s/MiKTeX 2.9/fonts/type1/public/amsfonts/cm/cmex10.pfb><C:/Users/Frostis-PC/App
Data/Local/Programs/MiKTeX 2.9/fonts/type1/public/amsfonts/cmextra/cmex7.pfb><C
:/Users/Frostis-PC/AppData/Local/Programs/MiKTeX 2.9/fonts/type1/public/amsfont
s/cm/cmmi10.pfb><C:/Users/Frostis-PC/AppData/Local/Programs/MiKTeX 2.9/fonts/ty
pe1/public/amsfonts/cm/cmmi5.pfb><C:/Users/Frostis-PC/AppData/Local/Programs/Mi
KTeX 2.9/fonts/type1/public/amsfonts/cm/cmmi7.pfb><C:/Users/Frostis-PC/AppData/
Local/Programs/MiKTeX 2.9/fonts/type1/public/amsfonts/cm/cmr10.pfb><C:/Users/Fr
ostis-PC/AppData/Local/Programs/MiKTeX 2.9/fonts/type1/public/amsfonts/cm/cmr12
.pfb><C:/Users/Frostis-PC/AppData/Local/Programs/MiKTeX 2.9/fonts/type1/public/
amsfonts/cm/cmr17.pfb><C:/Users/Frostis-PC/AppData/Local/Programs/MiKTeX 2.9/fo
nts/type1/public/amsfonts/cm/cmr5.pfb><C:/Users/Frostis-PC/AppData/Local/Progra
ms/MiKTeX 2.9/fonts/type1/public/amsfonts/cm/cmr7.pfb><C:/Users/Frostis-PC/AppD
ata/Local/Programs/MiKTeX 2.9/fonts/type1/public/amsfonts/cm/cmr9.pfb><C:/Users
/Frostis-PC/AppData/Local/Programs/MiKTeX 2.9/fonts/type1/public/amsfonts/cm/cm
sy10.pfb><C:/Users/Frostis-PC/AppData/Local/Programs/MiKTeX 2.9/fonts/type1/pub
lic/amsfonts/cm/cmsy7.pfb><C:/Users/Frostis-PC/AppData/Local/Programs/MiKTeX 2.
9/fonts/type1/public/amsfonts/cm/cmti10.pfb>
Output written on paper.pdf (17 pages, 1952010 bytes).
PDF statistics:
 210 PDF objects out of 1000 (max. 8388607)
 0 named destinations out of 1000 (max. 500000)
 264 words of extra memory for PDF output out of 10000 (max. 10000000)

